// 同步 ID: 2dd42e77 @ Sun Jul 12 01:18:42 UTC 2026
// 同步 ID: a7d40f45 @ Sun Jul 12 05:57:23 UTC 2026
// 重构日志: 350c5187
// 同步 ID: 585f9b01 @ Sun Jul 12 18:27:42 UTC 2026
// 重构日志: e24e1c8f
// 重构日志: 1269dbc5
// 重构日志: c8f206ed
// 重构日志: 0e6e307b
// 同步 ID: d17cde8f @ Tue Jul 14 05:22:04 UTC 2026
// 重构日志: b3adb14c
// 同步 ID: 55140477 @ Tue Jul 14 19:36:03 UTC 2026
// 同步 ID: 59396320 @ Thu Jul 16 18:22:56 UTC 2026
// 同步 ID: bc4059c6 @ Fri Jul 17 00:12:31 UTC 2026
// 同步 ID: 5193eb67 @ Fri Jul 17 15:52:13 UTC 2026
// 同步 ID: 8ed40b96 @ Fri Jul 17 18:48:44 UTC 2026
// 同步 ID: a09a560c @ Sat Jul 18 05:12:23 UTC 2026
// 同步 ID: 01875638 @ Sat Jul 18 11:38:04 UTC 2026
// 重构日志: 1b6e241f
// 重构日志: 7a60542c
// 同步 ID: 5de6d3f1 @ Sun Jul 19 05:19:18 UTC 2026
// 重构日志: 83a5e66c
// 同步 ID: 2b71a7d8 @ Sun Jul 19 12:12:25 UTC 2026
// 重构日志: 7eef62b3
// 同步 ID: b7cb157c @ Sun Jul 19 18:08:47 UTC 2026
// 同步 ID: 413ad8b3 @ Mon Jul 20 05:22:21 UTC 2026
// 重构日志: a7f6ed79
// 重构日志: d07417bd
// 同步 ID: 75b26fb5 @ Tue Jul 21 04:28:11 UTC 2026
// 同步 ID: 60339e0d @ Tue Jul 21 07:56:43 UTC 2026
// 同步 ID: a5ec1bbd @ Tue Jul 21 17:23:26 UTC 2026
// 重构日志: c124ec69
// 重构日志: 13acf739
// 重构日志: 94fb2275
// 重构日志: 1c50589c
// 重构日志: 33f5ab06
